<?xml version="1.0" encoding="UTF-8"?>
<!-- Generated by org.testng.reporters.JUnitReportReporter -->
<testsuite skipped="0" hostname="prajaktaka-w10" name="com.script.Main" tests="1" failures="0" timestamp="22 Jul 2022 07:23:31 GMT" time="7.322" errors="0">
  <testcase name="extentReportsDemo" time="7.322" classname="com.script.Main"/>
</testsuite> <!-- com.script.Main -->
